SET
SET
SET
SET
SET
LOAD
psql:/home/nghosh/research/z3_lab/logs/drona/q18_k20_debug_20260211_000116/setup_ours_noids.sql:9: NOTICE:  relation "files" already exists, skipping
CREATE TABLE
DROP FUNCTION
CREATE FUNCTION
TRUNCATE TABLE
psql:/home/nghosh/research/z3_lab/logs/drona/q18_k20_debug_20260211_000116/setup_ours_noids.sql:13: NOTICE:  relation "files" already exists, skipping
psql:/home/nghosh/research/z3_lab/logs/drona/q18_k20_debug_20260211_000116/setup_ours_noids.sql:13: NOTICE:  relation "files_name_uidx" already exists, skipping
psql:/home/nghosh/research/z3_lab/logs/drona/q18_k20_debug_20260211_000116/setup_ours_noids.sql:13: NOTICE:  table "tmp_jc_0" does not exist, skipping
psql:/home/nghosh/research/z3_lab/logs/drona/q18_k20_debug_20260211_000116/setup_ours_noids.sql:13: NOTICE:  table "tmp_jc_1" does not exist, skipping
psql:/home/nghosh/research/z3_lab/logs/drona/q18_k20_debug_20260211_000116/setup_ours_noids.sql:13: NOTICE:  table "tmp_jc_2" does not exist, skipping
psql:/home/nghosh/research/z3_lab/logs/drona/q18_k20_debug_20260211_000116/setup_ours_noids.sql:13: NOTICE:  table "tmp_jc_3" does not exist, skipping
psql:/home/nghosh/research/z3_lab/logs/drona/q18_k20_debug_20260211_000116/setup_ours_noids.sql:13: NOTICE:  table "tmp_jc_4" does not exist, skipping
psql:/home/nghosh/research/z3_lab/logs/drona/q18_k20_debug_20260211_000116/setup_ours_noids.sql:13: NOTICE:  table "tmp_jc_5" does not exist, skipping
psql:/home/nghosh/research/z3_lab/logs/drona/q18_k20_debug_20260211_000116/setup_ours_noids.sql:13: NOTICE:  table "tmp_dict_0" does not exist, skipping
psql:/home/nghosh/research/z3_lab/logs/drona/q18_k20_debug_20260211_000116/setup_ours_noids.sql:13: NOTICE:  table "tmp_dict_1" does not exist, skipping
psql:/home/nghosh/research/z3_lab/logs/drona/q18_k20_debug_20260211_000116/setup_ours_noids.sql:13: NOTICE:  table "tmp_dict_2" does not exist, skipping
psql:/home/nghosh/research/z3_lab/logs/drona/q18_k20_debug_20260211_000116/setup_ours_noids.sql:13: NOTICE:  table "tmp_dict_3" does not exist, skipping
psql:/home/nghosh/research/z3_lab/logs/drona/q18_k20_debug_20260211_000116/setup_ours_noids.sql:13: NOTICE:  table "tmp_dict_4" does not exist, skipping
psql:/home/nghosh/research/z3_lab/logs/drona/q18_k20_debug_20260211_000116/setup_ours_noids.sql:13: NOTICE:  table "tmp_dict_5" does not exist, skipping
psql:/home/nghosh/research/z3_lab/logs/drona/q18_k20_debug_20260211_000116/setup_ours_noids.sql:13: NOTICE:  table "tmp_dict_6" does not exist, skipping
psql:/home/nghosh/research/z3_lab/logs/drona/q18_k20_debug_20260211_000116/setup_ours_noids.sql:13: NOTICE:  table "tmp_dict_7" does not exist, skipping
psql:/home/nghosh/research/z3_lab/logs/drona/q18_k20_debug_20260211_000116/setup_ours_noids.sql:13: NOTICE:  table "tmp_dict_8" does not exist, skipping
psql:/home/nghosh/research/z3_lab/logs/drona/q18_k20_debug_20260211_000116/setup_ours_noids.sql:13: NOTICE:  table "tmp_dict_9" does not exist, skipping
psql:/home/nghosh/research/z3_lab/logs/drona/q18_k20_debug_20260211_000116/setup_ours_noids.sql:13: NOTICE:  table "tmp_dict_10" does not exist, skipping
psql:/home/nghosh/research/z3_lab/logs/drona/q18_k20_debug_20260211_000116/setup_ours_noids.sql:13: NOTICE:  table "tmp_dict_11" does not exist, skipping
psql:/home/nghosh/research/z3_lab/logs/drona/q18_k20_debug_20260211_000116/setup_ours_noids.sql:13: NOTICE:  table "tmp_dict_12" does not exist, skipping
psql:/home/nghosh/research/z3_lab/logs/drona/q18_k20_debug_20260211_000116/setup_ours_noids.sql:13: NOTICE:  table "tmp_dict_13" does not exist, skipping
psql:/home/nghosh/research/z3_lab/logs/drona/q18_k20_debug_20260211_000116/setup_ours_noids.sql:13: NOTICE:  table "tmp_dict_14" does not exist, skipping
psql:/home/nghosh/research/z3_lab/logs/drona/q18_k20_debug_20260211_000116/setup_ours_noids.sql:13: NOTICE:  table "tmp_dict_15" does not exist, skipping
psql:/home/nghosh/research/z3_lab/logs/drona/q18_k20_debug_20260211_000116/setup_ours_noids.sql:13: NOTICE:  table "tmp_dict_16" does not exist, skipping
psql:/home/nghosh/research/z3_lab/logs/drona/q18_k20_debug_20260211_000116/setup_ours_noids.sql:13: NOTICE:  table "tmp_dict_17" does not exist, skipping
psql:/home/nghosh/research/z3_lab/logs/drona/q18_k20_debug_20260211_000116/setup_ours_noids.sql:13: NOTICE:  table "tmp_dict_18" does not exist, skipping
psql:/home/nghosh/research/z3_lab/logs/drona/q18_k20_debug_20260211_000116/setup_ours_noids.sql:13: NOTICE:  table "tmp_dict_19" does not exist, skipping
psql:/home/nghosh/research/z3_lab/logs/drona/q18_k20_debug_20260211_000116/setup_ours_noids.sql:13: NOTICE:  table "tmp_dict_20" does not exist, skipping
 build_base 
------------
 
(1 row)

LOAD
SET
SET
SET
SET
SET
SET
psql:/home/nghosh/research/z3_lab/logs/drona/q18_k20_debug_20260211_000116/explain_ours_analyze.sql:4: NOTICE:  policy_profile: eval_ms=0.996 artifact_load_ms=9.396 artifact_parse_ms=0.871 stamp_ms=0.495 bin_ms=0.021 local_sat_ms=10.479 prop_ms=0.000 prop_iters=0 decode_ms=0.000 policy_total_ms=33.332 ctid_map_ms=0.313 filter_ms=19.006 child_exec_ms=5.753 ctid_extract_ms=3.198 ctid_to_rid_ms=1.398 allow_check_ms=1.349 projection_ms=0.000 n_scanned_tables=3 n_policy_targets=3 n_filters=3 bytes_artifacts_loaded=4650659 bytes_allow=9585 bytes_ctid=613400 bytes_blk_index=201936 rows_seen=60175 rows_passed=0 ctid_misses=0 rss_kb_before_eval=-1 rss_kb_after_eval=-1 rss_kb_after_load=-1 rss_kb_after_engine=-1 rss_kb_after_ctid=-1 rss_kb_end=-1 peak_rss_kb_end=-1
                                                                                QUERY PLAN                                                                                 
---------------------------------------------------------------------------------------------------------------------------------------------------------------------------
 Aggregate  (cost=7178.29..7178.30 rows=1 width=8) (actual rows=1 loops=1)
   Output: count(*)
   Buffers: shared hit=1179
   ->  GroupAggregate  (cost=6485.06..6947.21 rows=18486 width=71) (actual rows=0 loops=1)
         Output: customer.c_name, customer.c_custkey, orders.o_orderkey, orders.o_orderdate, orders.o_totalprice, NULL::numeric
         Group Key: orders.o_totalprice, orders.o_orderdate, customer.c_name, customer.c_custkey, orders.o_orderkey
         Buffers: shared hit=1179
         ->  Sort  (cost=6485.06..6531.28 rows=18486 width=39) (actual rows=0 loops=1)
               Output: customer.c_name, customer.c_custkey, orders.o_orderkey, orders.o_orderdate, orders.o_totalprice
               Sort Key: orders.o_totalprice DESC, orders.o_orderdate, customer.c_name, customer.c_custkey, orders.o_orderkey
               Sort Method: quicksort  Memory: 25kB
               Buffers: shared hit=1179
               ->  Hash Join  (cost=2986.68..5174.95 rows=18486 width=39) (actual rows=0 loops=1)
                     Output: customer.c_name, customer.c_custkey, orders.o_orderkey, orders.o_orderdate, orders.o_totalprice
                     Hash Cond: (lineitem.l_orderkey = orders.o_orderkey)
                     Buffers: shared hit=1176
                     ->  Custom Scan (custom_filter) on public.lineitem  (cost=0.00..1777.75 rows=60175 width=4) (actual rows=0 loops=1)
                           Output: lineitem.l_orderkey
                           custom_filter: 
                           Buffers: shared hit=1176
                           ->  Seq Scan on public.lineitem  (cost=0.00..1777.75 rows=60175 width=4) (actual rows=60175 loops=1)
                                 Output: lineitem.l_orderkey
                                 Buffers: shared hit=1176
                     ->  Hash  (cost=2929.08..2929.08 rows=4608 width=43) (never executed)
                           Output: customer.c_name, customer.c_custkey, orders.o_orderkey, orders.o_orderdate, orders.o_totalprice, lineitem_1.l_orderkey
                           ->  Hash Join  (cost=2414.34..2929.08 rows=4608 width=43) (never executed)
                                 Output: customer.c_name, customer.c_custkey, orders.o_orderkey, orders.o_orderdate, orders.o_totalprice, lineitem_1.l_orderkey
                                 Hash Cond: (orders.o_custkey = customer.c_custkey)
                                 ->  Hash Join  (cost=2343.59..2794.97 rows=4608 width=24) (never executed)
                                       Output: orders.o_orderkey, orders.o_orderdate, orders.o_totalprice, orders.o_custkey, lineitem_1.l_orderkey
                                       Inner Unique: true
                                       Hash Cond: (orders.o_orderkey = lineitem_1.l_orderkey)
                                       ->  Custom Scan (custom_filter) on public.orders  (cost=0.00..412.00 rows=15000 width=20) (never executed)
                                             Output: orders.o_orderkey, orders.o_orderdate, orders.o_totalprice, orders.o_custkey
                                             custom_filter: 
                                             ->  Seq Scan on public.orders  (cost=0.00..412.00 rows=15000 width=20) (never executed)
                                                   Output: orders.o_orderkey, orders.o_orderdate, orders.o_totalprice, orders.o_custkey
                                       ->  Hash  (cost=2285.99..2285.99 rows=4608 width=4) (never executed)
                                             Output: lineitem_1.l_orderkey
                                             ->  HashAggregate  (cost=2078.62..2285.99 rows=4608 width=4) (never executed)
                                                   Output: lineitem_1.l_orderkey
                                                   Group Key: lineitem_1.l_orderkey
                                                   Filter: (sum(lineitem_1.l_quantity) > '314'::numeric)
                                                   ->  Custom Scan (custom_filter) on public.lineitem lineitem_1  (cost=0.00..1777.75 rows=60175 width=9) (never executed)
                                                         Output: lineitem_1.l_orderkey, lineitem_1.l_quantity
                                                         custom_filter: 
                                                         ->  Seq Scan on public.lineitem lineitem_1  (cost=0.00..1777.75 rows=60175 width=9) (never executed)
                                                               Output: lineitem_1.l_orderkey, lineitem_1.l_quantity
                                 ->  Hash  (cost=52.00..52.00 rows=1500 width=23) (never executed)
                                       Output: customer.c_name, customer.c_custkey
                                       ->  Custom Scan (custom_filter) on public.customer  (cost=0.00..52.00 rows=1500 width=23) (never executed)
                                             Output: customer.c_name, customer.c_custkey
                                             custom_filter: 
                                             ->  Seq Scan on public.customer  (cost=0.00..52.00 rows=1500 width=23) (never executed)
                                                   Output: customer.c_name, customer.c_custkey
 Planning:
   Buffers: shared hit=86
 Planning Time: 0.538 ms
 Execution Time: 63.659 ms
(59 rows)

