SET
SET
SET
SET
SET
LOAD
psql:/home/nghosh/research/z3_lab/logs/drona/q18_k20_debug_20260211_000116/setup_ours_noids.sql:9: NOTICE:  relation "files" already exists, skipping
CREATE TABLE
DROP FUNCTION
CREATE FUNCTION
TRUNCATE TABLE
psql:/home/nghosh/research/z3_lab/logs/drona/q18_k20_debug_20260211_000116/setup_ours_noids.sql:13: NOTICE:  relation "files" already exists, skipping
psql:/home/nghosh/research/z3_lab/logs/drona/q18_k20_debug_20260211_000116/setup_ours_noids.sql:13: NOTICE:  relation "files_name_uidx" already exists, skipping
psql:/home/nghosh/research/z3_lab/logs/drona/q18_k20_debug_20260211_000116/setup_ours_noids.sql:13: NOTICE:  table "tmp_jc_0" does not exist, skipping
psql:/home/nghosh/research/z3_lab/logs/drona/q18_k20_debug_20260211_000116/setup_ours_noids.sql:13: NOTICE:  table "tmp_jc_1" does not exist, skipping
psql:/home/nghosh/research/z3_lab/logs/drona/q18_k20_debug_20260211_000116/setup_ours_noids.sql:13: NOTICE:  table "tmp_jc_2" does not exist, skipping
psql:/home/nghosh/research/z3_lab/logs/drona/q18_k20_debug_20260211_000116/setup_ours_noids.sql:13: NOTICE:  table "tmp_jc_3" does not exist, skipping
psql:/home/nghosh/research/z3_lab/logs/drona/q18_k20_debug_20260211_000116/setup_ours_noids.sql:13: NOTICE:  table "tmp_jc_4" does not exist, skipping
psql:/home/nghosh/research/z3_lab/logs/drona/q18_k20_debug_20260211_000116/setup_ours_noids.sql:13: NOTICE:  table "tmp_jc_5" does not exist, skipping
psql:/home/nghosh/research/z3_lab/logs/drona/q18_k20_debug_20260211_000116/setup_ours_noids.sql:13: NOTICE:  table "tmp_dict_0" does not exist, skipping
psql:/home/nghosh/research/z3_lab/logs/drona/q18_k20_debug_20260211_000116/setup_ours_noids.sql:13: NOTICE:  table "tmp_dict_1" does not exist, skipping
psql:/home/nghosh/research/z3_lab/logs/drona/q18_k20_debug_20260211_000116/setup_ours_noids.sql:13: NOTICE:  table "tmp_dict_2" does not exist, skipping
psql:/home/nghosh/research/z3_lab/logs/drona/q18_k20_debug_20260211_000116/setup_ours_noids.sql:13: NOTICE:  table "tmp_dict_3" does not exist, skipping
psql:/home/nghosh/research/z3_lab/logs/drona/q18_k20_debug_20260211_000116/setup_ours_noids.sql:13: NOTICE:  table "tmp_dict_4" does not exist, skipping
psql:/home/nghosh/research/z3_lab/logs/drona/q18_k20_debug_20260211_000116/setup_ours_noids.sql:13: NOTICE:  table "tmp_dict_5" does not exist, skipping
psql:/home/nghosh/research/z3_lab/logs/drona/q18_k20_debug_20260211_000116/setup_ours_noids.sql:13: NOTICE:  table "tmp_dict_6" does not exist, skipping
psql:/home/nghosh/research/z3_lab/logs/drona/q18_k20_debug_20260211_000116/setup_ours_noids.sql:13: NOTICE:  table "tmp_dict_7" does not exist, skipping
psql:/home/nghosh/research/z3_lab/logs/drona/q18_k20_debug_20260211_000116/setup_ours_noids.sql:13: NOTICE:  table "tmp_dict_8" does not exist, skipping
psql:/home/nghosh/research/z3_lab/logs/drona/q18_k20_debug_20260211_000116/setup_ours_noids.sql:13: NOTICE:  table "tmp_dict_9" does not exist, skipping
psql:/home/nghosh/research/z3_lab/logs/drona/q18_k20_debug_20260211_000116/setup_ours_noids.sql:13: NOTICE:  table "tmp_dict_10" does not exist, skipping
psql:/home/nghosh/research/z3_lab/logs/drona/q18_k20_debug_20260211_000116/setup_ours_noids.sql:13: NOTICE:  table "tmp_dict_11" does not exist, skipping
psql:/home/nghosh/research/z3_lab/logs/drona/q18_k20_debug_20260211_000116/setup_ours_noids.sql:13: NOTICE:  table "tmp_dict_12" does not exist, skipping
psql:/home/nghosh/research/z3_lab/logs/drona/q18_k20_debug_20260211_000116/setup_ours_noids.sql:13: NOTICE:  table "tmp_dict_13" does not exist, skipping
psql:/home/nghosh/research/z3_lab/logs/drona/q18_k20_debug_20260211_000116/setup_ours_noids.sql:13: NOTICE:  table "tmp_dict_14" does not exist, skipping
psql:/home/nghosh/research/z3_lab/logs/drona/q18_k20_debug_20260211_000116/setup_ours_noids.sql:13: NOTICE:  table "tmp_dict_15" does not exist, skipping
psql:/home/nghosh/research/z3_lab/logs/drona/q18_k20_debug_20260211_000116/setup_ours_noids.sql:13: NOTICE:  table "tmp_dict_16" does not exist, skipping
psql:/home/nghosh/research/z3_lab/logs/drona/q18_k20_debug_20260211_000116/setup_ours_noids.sql:13: NOTICE:  table "tmp_dict_17" does not exist, skipping
psql:/home/nghosh/research/z3_lab/logs/drona/q18_k20_debug_20260211_000116/setup_ours_noids.sql:13: NOTICE:  table "tmp_dict_18" does not exist, skipping
psql:/home/nghosh/research/z3_lab/logs/drona/q18_k20_debug_20260211_000116/setup_ours_noids.sql:13: NOTICE:  table "tmp_dict_19" does not exist, skipping
psql:/home/nghosh/research/z3_lab/logs/drona/q18_k20_debug_20260211_000116/setup_ours_noids.sql:13: NOTICE:  table "tmp_dict_20" does not exist, skipping
 build_base 
------------
 
(1 row)

LOAD
SET
SET
SET
SET
SET
SET
psql:/home/nghosh/research/z3_lab/logs/drona/q18_k20_debug_20260211_000116/explain_ours_analyze.sql:4: NOTICE:  policy_profile: eval_ms=0.976 artifact_load_ms=87.055 artifact_parse_ms=5.625 stamp_ms=4.921 bin_ms=0.161 local_sat_ms=10.387 prop_ms=0.000 prop_iters=0 decode_ms=0.000 policy_total_ms=166.033 ctid_map_ms=3.146 filter_ms=207.616 child_exec_ms=75.063 ctid_extract_ms=31.633 ctid_to_rid_ms=13.943 allow_check_ms=13.602 projection_ms=0.000 n_scanned_tables=3 n_policy_targets=3 n_filters=3 bytes_artifacts_loaded=43691660 bytes_allow=95697 bytes_ctid=6124576 bytes_blk_index=2015304 rows_seen=600572 rows_passed=0 ctid_misses=0 rss_kb_before_eval=-1 rss_kb_after_eval=-1 rss_kb_after_load=-1 rss_kb_after_engine=-1 rss_kb_after_ctid=-1 rss_kb_end=-1 peak_rss_kb_end=-1
                                                                                 QUERY PLAN                                                                                  
-----------------------------------------------------------------------------------------------------------------------------------------------------------------------------
 Aggregate  (cost=115589.34..115589.35 rows=1 width=8) (actual rows=1 loops=1)
   Output: count(*)
   Buffers: shared hit=8013 read=3278
   ->  GroupAggregate  (cost=109585.89..113588.19 rows=160092 width=71) (actual rows=0 loops=1)
         Output: customer.c_name, customer.c_custkey, orders.o_orderkey, orders.o_orderdate, orders.o_totalprice, NULL::numeric
         Group Key: orders.o_totalprice, orders.o_orderdate, customer.c_name, customer.c_custkey, orders.o_orderkey
         Buffers: shared hit=8013 read=3278
         ->  Sort  (cost=109585.89..109986.12 rows=160092 width=39) (actual rows=0 loops=1)
               Output: customer.c_name, customer.c_custkey, orders.o_orderkey, orders.o_orderdate, orders.o_totalprice
               Sort Key: orders.o_totalprice DESC, orders.o_orderdate, customer.c_name, customer.c_custkey, orders.o_orderkey
               Sort Method: quicksort  Memory: 25kB
               Buffers: shared hit=8013 read=3278
               ->  Hash Join  (cost=70221.81..91368.60 rows=160092 width=39) (actual rows=0 loops=1)
                     Output: customer.c_name, customer.c_custkey, orders.o_orderkey, orders.o_orderdate, orders.o_totalprice
                     Hash Cond: (lineitem.l_orderkey = orders.o_orderkey)
                     Buffers: shared hit=8010 read=3278
                     ->  Custom Scan (custom_filter) on public.lineitem  (cost=0.00..17293.72 rows=600572 width=4) (actual rows=0 loops=1)
                           Output: lineitem.l_orderkey
                           custom_filter: 
                           Buffers: shared hit=8010 read=3278
                           ->  Seq Scan on public.lineitem  (cost=0.00..17293.72 rows=600572 width=4) (actual rows=600572 loops=1)
                                 Output: lineitem.l_orderkey
                                 Buffers: shared hit=8010 read=3278
                     ->  Hash  (cost=69722.00..69722.00 rows=39985 width=43) (never executed)
                           Output: customer.c_name, customer.c_custkey, orders.o_orderkey, orders.o_orderdate, orders.o_totalprice, lineitem_1.l_orderkey
                           ->  Hash Join  (cost=64630.45..69722.00 rows=39985 width=43) (never executed)
                                 Output: customer.c_name, customer.c_custkey, orders.o_orderkey, orders.o_orderdate, orders.o_totalprice, lineitem_1.l_orderkey
                                 Hash Cond: (orders.o_custkey = customer.c_custkey)
                                 ->  Hash Join  (cost=63931.95..68473.71 rows=39985 width=24) (never executed)
                                       Output: orders.o_orderkey, orders.o_orderdate, orders.o_totalprice, orders.o_custkey, lineitem_1.l_orderkey
                                       Inner Unique: true
                                       Hash Cond: (orders.o_orderkey = lineitem_1.l_orderkey)
                                       ->  Custom Scan (custom_filter) on public.orders  (cost=0.00..4148.00 rows=150000 width=20) (never executed)
                                             Output: orders.o_orderkey, orders.o_orderdate, orders.o_totalprice, orders.o_custkey
                                             custom_filter: 
                                             ->  Seq Scan on public.orders  (cost=0.00..4148.00 rows=150000 width=20) (never executed)
                                                   Output: orders.o_orderkey, orders.o_orderdate, orders.o_totalprice, orders.o_custkey
                                       ->  Hash  (cost=63432.13..63432.13 rows=39985 width=4) (never executed)
                                             Output: lineitem_1.l_orderkey
                                             ->  HashAggregate  (cost=55767.86..63432.13 rows=39985 width=4) (never executed)
                                                   Output: lineitem_1.l_orderkey
                                                   Group Key: lineitem_1.l_orderkey
                                                   Filter: (sum(lineitem_1.l_quantity) > '314'::numeric)
                                                   Planned Partitions: 8
                                                   ->  Custom Scan (custom_filter) on public.lineitem lineitem_1  (cost=0.00..17293.72 rows=600572 width=9) (never executed)
                                                         Output: lineitem_1.l_orderkey, lineitem_1.l_quantity
                                                         custom_filter: 
                                                         ->  Seq Scan on public.lineitem lineitem_1  (cost=0.00..17293.72 rows=600572 width=9) (never executed)
                                                               Output: lineitem_1.l_orderkey, lineitem_1.l_quantity
                                 ->  Hash  (cost=511.00..511.00 rows=15000 width=23) (never executed)
                                       Output: customer.c_name, customer.c_custkey
                                       ->  Custom Scan (custom_filter) on public.customer  (cost=0.00..511.00 rows=15000 width=23) (never executed)
                                             Output: customer.c_name, customer.c_custkey
                                             custom_filter: 
                                             ->  Seq Scan on public.customer  (cost=0.00..511.00 rows=15000 width=23) (never executed)
                                                   Output: customer.c_name, customer.c_custkey
 Planning:
   Buffers: shared hit=63 read=27
 Planning Time: 0.601 ms
 JIT:
   Functions: 45
   Options: Inlining false, Optimization false, Expressions true, Deforming true
 Execution Time: 469.254 ms
(63 rows)

